
Showing logs for build [32mcb-kubecd-bdd-gh-1581604741-pr-jqstm-1[0m stage [32mfrom-build-pack[0m and container [32mstep-credential-initializer-wvrhk[0m
{"level":"warn","ts":1581605917.3220563,"logger":"fallback-logger","caller":"logging/config.go:69","msg":"Fetch GitHub commit ID from kodata failed: \"ref: refs/heads/0.8.0-**-support-backwards-incompats\" is not a valid GitHub commit ID"}
{"level":"info","ts":1581605917.3226523,"logger":"fallback-logger","caller":"creds-init/main.go:40","msg":"Credentials initialized."}

Showing logs for build [32mcb-kubecd-bdd-gh-1581604741-pr-jqstm-1[0m stage [32mfrom-build-pack[0m and container [32mstep-working-dir-initializer-m4jbt[0m
{"level":"warn","ts":1581605918.1486437,"logger":"fallback-logger","caller":"logging/config.go:69","msg":"Fetch GitHub commit ID from kodata failed: open /var/run/ko/HEAD: no such file or directory"}
{"level":"info","ts":1581605918.1503065,"logger":"fallback-logger","caller":"bash/main.go:64","msg":"Successfully executed command \"sh -c mkdir -p /workspace/source\"; output "}

Showing logs for build [32mcb-kubecd-bdd-gh-1581604741-pr-jqstm-1[0m stage [32mfrom-build-pack[0m and container [32mstep-place-tools[0m

Showing logs for build [32mcb-kubecd-bdd-gh-1581604741-pr-jqstm-1[0m stage [32mfrom-build-pack[0m and container [32mstep-git-source-cb-kubecd-bdd-gh-1581604741-pr-jqstm-8lslw[0m
{"level":"warn","ts":1581605925.3469653,"logger":"fallback-logger","caller":"logging/config.go:69","msg":"Fetch GitHub commit ID from kodata failed: \"ref: refs/heads/0.8.0-**-support-backwards-incompats\" is not a valid GitHub commit ID"}
{"level":"info","ts":1581605926.4360893,"logger":"fallback-logger","caller":"git/git.go:103","msg":"Successfully cloned https://github.com/cb-kubecd/bdd-gh-1581604741.git @ master in path /workspace/source"}

Showing logs for build [32mcb-kubecd-bdd-gh-1581604741-pr-jqstm-1[0m stage [32mfrom-build-pack[0m and container [32mstep-git-merge[0m
Using SHAs from PULL_REFS=master:bbf2ff602e198846c9c7a4427d5ddeb457cba156,1:646c06d79f7a8ef8bd15f22c6ad74d7fea88f227
DEBUG: LC_ALL=C JX_LOG_LEVEL=error git fetch origin --unshallow 646c06d79f7a8ef8bd15f22c6ad74d7fea88f227: bbf2ff602e198846c9c7a4427d5ddeb457cba156:
DEBUG: ran git fetch --unshallow origin 646c06d79f7a8ef8bd15f22c6ad74d7fea88f227: bbf2ff602e198846c9c7a4427d5ddeb457cba156: in 
DEBUG: LC_ALL=C JX_LOG_LEVEL=error git branch
DEBUG: LC_ALL=C JX_LOG_LEVEL=error git checkout master
DEBUG: ran git checkout master in 
DEBUG: LC_ALL=C JX_LOG_LEVEL=error git reset --hard bbf2ff602e198846c9c7a4427d5ddeb457cba156
DEBUG: ran git reset --hard bbf2ff602e198846c9c7a4427d5ddeb457cba156 in 
DEBUG: LC_ALL=C JX_LOG_LEVEL=error git clean -fd .
DEBUG: ran clean --force -d . in 
DEBUG: LC_ALL=C JX_LOG_LEVEL=error git merge 646c06d79f7a8ef8bd15f22c6ad74d7fea88f227
DEBUG: ran git merge 646c06d79f7a8ef8bd15f22c6ad74d7fea88f227 in 
DEBUG: LC_ALL=C JX_LOG_LEVEL=error git log --format=%H%x1f%an%x1f%ae%x1f%cn%x1f%ce%x1f%s%n%b%x1e bbf2ff602e198846c9c7a4427d5ddeb457cba156..HEAD
Merged SHA 646c06d79f7a8ef8bd15f22c6ad74d7fea88f227 with commit message 'My first PR commit' into base branch master

Showing logs for build [32mcb-kubecd-bdd-gh-1581604741-pr-jqstm-1[0m stage [32mfrom-build-pack[0m and container [32mstep-build-make-linux[0m
CGO_ENABLED=0 GOOS=linux GOARCH=amd64 GO15VENDOREXPERIMENT=1 go build -ldflags '' -o bin/bdd-gh-1581604741 main.go

Showing logs for build [32mcb-kubecd-bdd-gh-1581604741-pr-jqstm-1[0m stage [32mfrom-build-pack[0m and container [32mstep-build-container-build[0m
[36mINFO[0m[0000] No base image, nothing to extract            
[36mINFO[0m[0000] cmd: EXPOSE                                  
[36mINFO[0m[0000] Adding exposed port: 8080/tcp                
[36mINFO[0m[0000] Using files from context: [/workspace/source/bin] 
[36mINFO[0m[0000] Skipping unpacking as no commands require it. 
[36mINFO[0m[0000] Taking snapshot of full filesystem...        
[36mINFO[0m[0000] EXPOSE 8080                                  
[36mINFO[0m[0000] cmd: EXPOSE                                  
[36mINFO[0m[0000] Adding exposed port: 8080/tcp                
[36mINFO[0m[0000] No files changed in this command, skipping snapshotting. 
[36mINFO[0m[0000] ENTRYPOINT ["/bdd-gh-1581604741"]            
[36mINFO[0m[0000] No files changed in this command, skipping snapshotting. 
[36mINFO[0m[0000] Using files from context: [/workspace/source/bin] 
[36mINFO[0m[0000] COPY ./bin/ /                                
[36mINFO[0m[0000] Taking snapshot of files...                  
2020/02/13 14:59:03 pushed blob: sha256:37ebad70acf7c60d17cff334f17dc42c995d74f3601c11c70294f7b9fac43bb9
2020/02/13 14:59:04 pushed blob: sha256:89490fdc8457adfbfd8c44f744338f4664346c7ac0875011d400db480626c27d
2020/02/13 14:59:05 gcr.io/jenkins-x-bdd3/bdd-gh-1581604741:0.0.0-SNAPSHOT-PR-1-1: digest: sha256:8f8ee85e0ad09070e1af167badef8335bf7d833961610a3b4a395aa19414c1ff size: 428

Showing logs for build [32mcb-kubecd-bdd-gh-1581604741-pr-jqstm-1[0m stage [32mfrom-build-pack[0m and container [32mstep-postbuild-post-build[0m
no CVE provider running in the current ** namespace so skip adding image to be analysed

Showing logs for build [32mcb-kubecd-bdd-gh-1581604741-pr-jqstm-1[0m stage [32mfrom-build-pack[0m and container [32mstep-promote-make-preview[0m
sed -i -e "s/version:.*/version: 0.0.0-SNAPSHOT-PR-1-1/" Chart.yaml
sed -i -e "s/version:.*/version: 0.0.0-SNAPSHOT-PR-1-1/" ../*/Chart.yaml
sed -i -e "s|repository:.*|repository: gcr.io\/jenkins-x-bdd3\/bdd-gh-1581604741|" values.yaml
sed -i -e "s/tag:.*/tag: 0.0.0-SNAPSHOT-PR-1-1/" values.yaml
echo "  version: 0.0.0-SNAPSHOT-PR-1-1" >> requirements.yaml
** step helm build
WARNING: No $CHART_REPOSITORY defined so using the default value of: http://jenkins-x-chartmuseum:8080
Adding missing Helm repo: storage.googleapis.com https://storage.googleapis.com/chartmuseum.jenkins-x.io
WARNING: No secrets found on "helm/repos" due: reading the secret "helm/repos" from vault: no secret "helm/repos" not found in vault
Read credentials for https://storage.googleapis.com/chartmuseum.jenkins-x.io from vault helm/repos
Successfully added Helm repository storage.googleapis.com.
Adding missing Helm repo: jenkins-x-chartmuseum http://jenkins-x-chartmuseum:8080
WARNING: No secrets found on "helm/repos" due: reading the secret "helm/repos" from vault: no secret "helm/repos" not found in vault
Read credentials for http://jenkins-x-chartmuseum:8080 from vault helm/repos
Successfully added Helm repository jenkins-x-chartmuseum.
WARNING: No $CHART_REPOSITORY defined so using the default value of: http://jenkins-x-chartmuseum:8080
Adding missing Helm repo: chartmuseum.jenkins-x.io http://chartmuseum.jenkins-x.io
WARNING: No secrets found on "helm/repos" due: reading the secret "helm/repos" from vault: no secret "helm/repos" not found in vault
Read credentials for http://chartmuseum.jenkins-x.io from vault helm/repos
Successfully added Helm repository chartmuseum.jenkins-x.io.

Showing logs for build [32mcb-kubecd-bdd-gh-1581604741-pr-jqstm-1[0m stage [32mfrom-build-pack[0m and container [32mstep-promote-jx-preview[0m
Creating a preview
Created environment cb-kubecd-bdd-gh-1581604741-pr-1
Namespace **-cb-kubecd-bdd-gh-1581604741-pr-1 created 
expose:
  Annotations:
    helm.sh/hook: post-install,post-upgrade
    helm.sh/hook-delete-policy: hook-succeeded
  config:
    domain: 35.205.65.8.nip.io
    exposer: Ingress
    http: "true"
preview:
  image:
    repository: gcr.io/jenkins-x-bdd3/bdd-gh-1581604741
    tag: 0.0.0-SNAPSHOT-PR-1-1

Updating PipelineActivities cb-kubecd-bdd-gh-1581604741-pr-1-1 which has status Running
WARNING: preview application http://bdd-gh-1581604741.**-cb-kubecd-bdd-gh-1581604741-pr-1.35.205.65.8.nip.io not available, error was 503 503 Service Temporarily Unavailable, delaying for: 1.229180727s
WARNING: preview application http://bdd-gh-1581604741.**-cb-kubecd-bdd-gh-1581604741-pr-1.35.205.65.8.nip.io not available, error was 503 503 Service Temporarily Unavailable, delaying for: 1.854102902s
Preview application is now available at: http://bdd-gh-1581604741.**-cb-kubecd-bdd-gh-1581604741-pr-1.35.205.65.8.nip.io
